 21:31:01.167 [TestNG-tests-1] INFO  testCases.TC001_AccountRegistrationTest - *****Finished TC001_AccountRegistrationTest*******
 21:31:01.317 [TestNG-tests-2] INFO  testCases.TC001_AccountRegistrationTest - *****Finished TC001_AccountRegistrationTest*******
 21:31:18.675 [TestNG-tests-1] INFO  testCases.TC001_AccountRegistrationTest - *******Starting TC001_AccountRegistrationTest************
 21:31:18.746 [TestNG-tests-2] INFO  testCases.TC001_AccountRegistrationTest - *******Starting TC001_AccountRegistrationTest************
 21:31:19.270 [TestNG-tests-1] INFO  testCases.TC001_AccountRegistrationTest - Clicked on MyAccount Link.....
 21:31:19.359 [TestNG-tests-2] INFO  testCases.TC001_AccountRegistrationTest - Clicked on MyAccount Link.....
 21:31:20.024 [TestNG-tests-1] INFO  testCases.TC001_AccountRegistrationTest - Clicked on Register Link.....
 21:31:20.036 [TestNG-tests-1] INFO  testCases.TC001_AccountRegistrationTest - Providing Customer Details.....
 21:31:20.040 [TestNG-tests-2] INFO  testCases.TC001_AccountRegistrationTest - Clicked on Register Link.....
 21:31:20.041 [TestNG-tests-2] INFO  testCases.TC001_AccountRegistrationTest - Providing Customer Details.....
 21:31:23.007 [TestNG-tests-2] INFO  testCases.TC001_AccountRegistrationTest - Validating expected message.....
 21:31:23.587 [TestNG-tests-1] INFO  testCases.TC001_AccountRegistrationTest - Validating expected message.....
 21:31:24.230 [TestNG-tests-2] INFO  testCases.TC001_AccountRegistrationTest - *****Finished TC001_AccountRegistrationTest*******
 21:31:24.686 [TestNG-tests-1] INFO  testCases.TC001_AccountRegistrationTest - *****Finished TC001_AccountRegistrationTest*******
 06:41:29.494 [main] INFO  testCases.TC001_AccountRegistrationTest - *******Starting TC001_AccountRegistrationTest************
 06:41:29.659 [main] INFO  testCases.TC001_AccountRegistrationTest - Clicked on MyAccount Link.....
 06:41:30.056 [main] INFO  testCases.TC001_AccountRegistrationTest - Clicked on Register Link.....
 06:41:30.059 [main] INFO  testCases.TC001_AccountRegistrationTest - Providing Customer Details.....
 06:41:32.603 [main] INFO  testCases.TC001_AccountRegistrationTest - Validating expected message.....
 06:41:33.075 [main] INFO  testCases.TC001_AccountRegistrationTest - *****Finished TC001_AccountRegistrationTest*******
 06:52:55.473 [main] INFO  testCases.TC001_AccountRegistrationTest - *******Starting TC001_AccountRegistrationTest************
 06:52:55.614 [main] INFO  testCases.TC001_AccountRegistrationTest - Clicked on MyAccount Link.....
 06:52:55.988 [main] INFO  testCases.TC001_AccountRegistrationTest - Clicked on Register Link.....
 06:52:55.991 [main] INFO  testCases.TC001_AccountRegistrationTest - Providing Customer Details.....
 06:52:58.589 [main] INFO  testCases.TC001_AccountRegistrationTest - Validating expected message.....
 06:52:59.110 [main] INFO  testCases.TC001_AccountRegistrationTest - *****Finished TC001_AccountRegistrationTest*******
 06:57:07.860 [main] INFO  testCases.TC001_AccountRegistrationTest - *******Starting TC001_AccountRegistrationTest************
 06:57:07.990 [main] INFO  testCases.TC001_AccountRegistrationTest - Clicked on MyAccount Link.....
 06:57:08.451 [main] INFO  testCases.TC001_AccountRegistrationTest - Clicked on Register Link.....
 06:57:08.455 [main] INFO  testCases.TC001_AccountRegistrationTest - Providing Customer Details.....
 06:57:11.250 [main] INFO  testCases.TC001_AccountRegistrationTest - Validating expected message.....
 06:57:11.740 [main] INFO  testCases.TC001_AccountRegistrationTest - *****Finished TC001_AccountRegistrationTest*******
 07:08:17.114 [main] INFO  testCases.TC001_AccountRegistrationTest - *******Starting TC001_AccountRegistrationTest************
 07:08:17.264 [main] INFO  testCases.TC001_AccountRegistrationTest - Clicked on MyAccount Link.....
 07:08:17.618 [main] INFO  testCases.TC001_AccountRegistrationTest - Clicked on Register Link.....
 07:08:17.621 [main] INFO  testCases.TC001_AccountRegistrationTest - Providing Customer Details.....
 07:08:20.178 [main] INFO  testCases.TC001_AccountRegistrationTest - Validating expected message.....
 07:08:20.673 [main] INFO  testCases.TC001_AccountRegistrationTest - *****Finished TC001_AccountRegistrationTest*******
 07:49:12.311 [main] INFO  testCases.TC002_AccountLoginTest - *****Staeting TC_002_AccountLoginTest**********
 08:00:47.231 [main] INFO  testCases.TC002_AccountLoginTest - *****Starting TC_002_AccountLoginTest**********
 08:00:49.094 [main] INFO  testCases.TC002_AccountLoginTest - *********Finished TC_002_LoginTest**********
 06:40:29.764 [main] INFO  testCases.TC002_AccountLoginTest - *****Starting TC_002_AccountLoginTest**********
 06:41:03.914 [main] INFO  testCases.TC002_AccountLoginTest - *****Starting TC_002_AccountLoginTest**********
 06:41:05.737 [main] INFO  testCases.TC002_AccountLoginTest - *********Finished TC_002_LoginTest**********
 06:43:22.025 [main] INFO  testCases.TC002_AccountLoginTest - *****Starting TC_002_AccountLoginTest**********
