 21:16:18.692 [TestNG-tests-1] INFO  testCases.TC001_AccountRegistrationTest - Validating expected message.....
 21:16:19.882 [TestNG-tests-2] INFO  testCases.TC001_AccountRegistrationTest - *****Finished TC001_AccountRegistrationTest*******
 21:16:20.045 [TestNG-tests-1] INFO  testCases.TC001_AccountRegistrationTest - *****Finished TC001_AccountRegistrationTest*******
 21:16:41.867 [TestNG-tests-1] INFO  testCases.TC001_AccountRegistrationTest - *******Starting TC001_AccountRegistrationTest************
 21:16:41.867 [TestNG-tests-2] INFO  testCases.TC001_AccountRegistrationTest - *******Starting TC001_AccountRegistrationTest************
 21:16:42.311 [TestNG-tests-2] INFO  testCases.TC001_AccountRegistrationTest - Clicked on MyAccount Link.....
 21:16:42.391 [TestNG-tests-1] INFO  testCases.TC001_AccountRegistrationTest - Clicked on MyAccount Link.....
 21:16:43.037 [TestNG-tests-1] INFO  testCases.TC001_AccountRegistrationTest - Clicked on Register Link.....
 21:16:43.045 [TestNG-tests-1] INFO  testCases.TC001_AccountRegistrationTest - Providing Customer Details.....
 21:16:43.054 [TestNG-tests-2] INFO  testCases.TC001_AccountRegistrationTest - Clicked on Register Link.....
 21:16:43.055 [TestNG-tests-2] INFO  testCases.TC001_AccountRegistrationTest - Providing Customer Details.....
 21:16:45.291 [TestNG-tests-2] INFO  testCases.TC001_AccountRegistrationTest - Validating expected message.....
 21:16:45.342 [TestNG-tests-1] INFO  testCases.TC001_AccountRegistrationTest - Validating expected message.....
 21:16:46.140 [TestNG-tests-2] INFO  testCases.TC001_AccountRegistrationTest - *****Finished TC001_AccountRegistrationTest*******
 21:16:46.154 [TestNG-tests-1] INFO  testCases.TC001_AccountRegistrationTest - *****Finished TC001_AccountRegistrationTest*******
 21:21:45.659 [main] INFO  testCases.TC001_AccountRegistrationTest - *******Starting TC001_AccountRegistrationTest************
 21:21:45.943 [main] INFO  testCases.TC001_AccountRegistrationTest - Clicked on MyAccount Link.....
 21:21:46.474 [main] INFO  testCases.TC001_AccountRegistrationTest - Clicked on Register Link.....
 21:21:46.477 [main] INFO  testCases.TC001_AccountRegistrationTest - Providing Customer Details.....
 21:21:49.370 [main] INFO  testCases.TC001_AccountRegistrationTest - Validating expected message.....
 21:21:50.178 [main] INFO  testCases.TC001_AccountRegistrationTest - *****Finished TC001_AccountRegistrationTest*******
 21:30:17.270 [TestNG-tests-1] INFO  testCases.TC001_AccountRegistrationTest - *******Starting TC001_AccountRegistrationTest************
 21:30:17.270 [TestNG-tests-2] INFO  testCases.TC001_AccountRegistrationTest - *******Starting TC001_AccountRegistrationTest************
 21:30:17.589 [TestNG-tests-1] INFO  testCases.TC001_AccountRegistrationTest - Clicked on MyAccount Link.....
 21:30:17.619 [TestNG-tests-2] INFO  testCases.TC001_AccountRegistrationTest - Clicked on MyAccount Link.....
 21:30:18.329 [TestNG-tests-1] INFO  testCases.TC001_AccountRegistrationTest - Clicked on Register Link.....
 21:30:18.341 [TestNG-tests-1] INFO  testCases.TC001_AccountRegistrationTest - Providing Customer Details.....
 21:30:18.465 [TestNG-tests-2] INFO  testCases.TC001_AccountRegistrationTest - Clicked on Register Link.....
 21:30:18.466 [TestNG-tests-2] INFO  testCases.TC001_AccountRegistrationTest - Providing Customer Details.....
 21:30:20.744 [TestNG-tests-1] INFO  testCases.TC001_AccountRegistrationTest - Validating expected message.....
 21:30:20.791 [TestNG-tests-2] INFO  testCases.TC001_AccountRegistrationTest - Validating expected message.....
 21:30:21.531 [TestNG-tests-2] INFO  testCases.TC001_AccountRegistrationTest - *****Finished TC001_AccountRegistrationTest*******
 21:30:21.577 [TestNG-tests-1] INFO  testCases.TC001_AccountRegistrationTest - *****Finished TC001_AccountRegistrationTest*******
 21:30:56.922 [TestNG-tests-2] INFO  testCases.TC001_AccountRegistrationTest - *******Starting TC001_AccountRegistrationTest************
 21:30:56.927 [TestNG-tests-1] INFO  testCases.TC001_AccountRegistrationTest - *******Starting TC001_AccountRegistrationTest************
 21:30:57.325 [TestNG-tests-2] INFO  testCases.TC001_AccountRegistrationTest - Clicked on MyAccount Link.....
 21:30:57.349 [TestNG-tests-1] INFO  testCases.TC001_AccountRegistrationTest - Clicked on MyAccount Link.....
 21:30:58.078 [TestNG-tests-1] INFO  testCases.TC001_AccountRegistrationTest - Clicked on Register Link.....
 21:30:58.084 [TestNG-tests-1] INFO  testCases.TC001_AccountRegistrationTest - Providing Customer Details.....
 21:30:58.113 [TestNG-tests-2] INFO  testCases.TC001_AccountRegistrationTest - Clicked on Register Link.....
 21:30:58.116 [TestNG-tests-2] INFO  testCases.TC001_AccountRegistrationTest - Providing Customer Details.....
 21:31:00.403 [TestNG-tests-1] INFO  testCases.TC001_AccountRegistrationTest - Validating expected message.....
 21:31:00.500 [TestNG-tests-2] INFO  testCases.TC001_AccountRegistrationTest - Validating expected message.....
