 18:23:02.078 [main] INFO  testCases.TC001_AccountRegistrationTest - *****Finished TC001_AccountRegistrationTest*******
 18:23:05.399 [main] INFO  testCases.TC002_AccountLoginTest - *****Starting TC_002_AccountLoginTest**********
 18:23:11.552 [main] INFO  testCases.TC002_AccountLoginTest - *********Finished TC_002_LoginTest**********
 22:23:05.664 [main] INFO  testCases.TC001_AccountRegistrationTest - *******Starting TC001_AccountRegistrationTest************
 22:23:06.789 [main] INFO  testCases.TC001_AccountRegistrationTest - Clicked on MyAccount Link.....
 22:23:07.451 [main] INFO  testCases.TC001_AccountRegistrationTest - Clicked on Register Link.....
 22:23:07.457 [main] INFO  testCases.TC001_AccountRegistrationTest - Providing Customer Details.....
 22:23:09.514 [main] INFO  testCases.TC001_AccountRegistrationTest - Validating expected message.....
 22:23:09.595 [main] INFO  testCases.TC001_AccountRegistrationTest - *****Finished TC001_AccountRegistrationTest*******
 22:23:12.339 [main] INFO  testCases.TC002_AccountLoginTest - *****Starting TC_002_AccountLoginTest**********
 22:23:18.738 [main] INFO  testCases.TC002_AccountLoginTest - *********Finished TC_002_LoginTest**********
 22:30:49.309 [main] INFO  testCases.TC001_AccountRegistrationTest - *******Starting TC001_AccountRegistrationTest************
 22:30:50.366 [main] INFO  testCases.TC001_AccountRegistrationTest - Clicked on MyAccount Link.....
 22:30:51.048 [main] INFO  testCases.TC001_AccountRegistrationTest - Clicked on Register Link.....
 22:30:51.054 [main] INFO  testCases.TC001_AccountRegistrationTest - Providing Customer Details.....
 22:30:53.470 [main] INFO  testCases.TC001_AccountRegistrationTest - Validating expected message.....
 22:30:53.554 [main] INFO  testCases.TC001_AccountRegistrationTest - *****Finished TC001_AccountRegistrationTest*******
 22:30:57.404 [main] INFO  testCases.TC002_AccountLoginTest - *****Starting TC_002_AccountLoginTest**********
 22:31:04.715 [main] INFO  testCases.TC002_AccountLoginTest - *********Finished TC_002_LoginTest**********
 22:48:50.111 [main] INFO  testCases.TC001_AccountRegistrationTest - *******Starting TC001_AccountRegistrationTest************
 22:48:50.796 [main] INFO  testCases.TC001_AccountRegistrationTest - Clicked on MyAccount Link.....
 22:48:51.220 [main] INFO  testCases.TC001_AccountRegistrationTest - Clicked on Register Link.....
 22:48:51.222 [main] INFO  testCases.TC001_AccountRegistrationTest - Providing Customer Details.....
 22:48:52.427 [main] INFO  testCases.TC001_AccountRegistrationTest - Validating expected message.....
 22:48:54.536 [main] INFO  testCases.TC002_AccountLoginTest - *****Starting TC_002_AccountLoginTest**********
 22:48:59.748 [main] INFO  testCases.TC002_AccountLoginTest - *********Finished TC_002_LoginTest**********
 22:51:00.128 [main] INFO  testCases.TC001_AccountRegistrationTest - *******Starting TC001_AccountRegistrationTest************
 22:51:00.792 [main] INFO  testCases.TC001_AccountRegistrationTest - Clicked on MyAccount Link.....
 22:51:01.229 [main] INFO  testCases.TC001_AccountRegistrationTest - Clicked on Register Link.....
 22:51:01.231 [main] INFO  testCases.TC001_AccountRegistrationTest - Providing Customer Details.....
 22:51:03.294 [main] INFO  testCases.TC001_AccountRegistrationTest - Validating expected message.....
 22:51:03.335 [main] INFO  testCases.TC001_AccountRegistrationTest - *****Finished TC001_AccountRegistrationTest*******
 22:51:05.142 [main] INFO  testCases.TC002_AccountLoginTest - *****Starting TC_002_AccountLoginTest**********
 22:52:28.996 [main] INFO  testCases.TC001_AccountRegistrationTest - *******Starting TC001_AccountRegistrationTest************
 22:52:29.564 [main] INFO  testCases.TC001_AccountRegistrationTest - Clicked on MyAccount Link.....
 22:52:29.932 [main] INFO  testCases.TC001_AccountRegistrationTest - Clicked on Register Link.....
 22:52:29.936 [main] INFO  testCases.TC001_AccountRegistrationTest - Providing Customer Details.....
 22:52:31.079 [main] INFO  testCases.TC001_AccountRegistrationTest - Validating expected message.....
 22:52:31.123 [main] INFO  testCases.TC001_AccountRegistrationTest - *****Finished TC001_AccountRegistrationTest*******
 22:52:32.909 [main] INFO  testCases.TC002_AccountLoginTest - *****Starting TC_002_AccountLoginTest**********
 22:52:38.190 [main] INFO  testCases.TC002_AccountLoginTest - *********Finished TC_002_LoginTest**********
 22:53:25.496 [main] INFO  testCases.TC001_AccountRegistrationTest - *******Starting TC001_AccountRegistrationTest************
 22:53:26.095 [main] INFO  testCases.TC001_AccountRegistrationTest - Clicked on MyAccount Link.....
 22:53:26.548 [main] INFO  testCases.TC001_AccountRegistrationTest - Clicked on Register Link.....
 22:53:26.550 [main] INFO  testCases.TC001_AccountRegistrationTest - Providing Customer Details.....
 22:53:27.788 [main] INFO  testCases.TC001_AccountRegistrationTest - Validating expected message.....
