 08:22:47.613 [TestNG-tests-1] INFO  testCases.TC001_AccountRegistrationTest - *******Starting TC001_AccountRegistrationTest************
 08:22:47.825 [TestNG-tests-2] INFO  testCases.TC001_AccountRegistrationTest - Clicked on Register Link.....
 08:22:47.840 [TestNG-tests-2] INFO  testCases.TC001_AccountRegistrationTest - Providing Customer Details.....
 08:22:48.203 [TestNG-tests-1] INFO  testCases.TC001_AccountRegistrationTest - Clicked on MyAccount Link.....
 08:22:58.286 [TestNG-tests-2] ERROR testCases.TC001_AccountRegistrationTest - Test Failed...
 08:22:58.287 [TestNG-tests-2] DEBUG testCases.TC001_AccountRegistrationTest - Debug logs...
 08:22:59.844 [TestNG-tests-1] INFO  testCases.TC001_AccountRegistrationTest - Clicked on Register Link.....
 08:22:59.846 [TestNG-tests-1] INFO  testCases.TC001_AccountRegistrationTest - Providing Customer Details.....
 08:23:01.225 [TestNG-tests-1] ERROR testCases.TC001_AccountRegistrationTest - Test Failed...
 08:23:01.228 [TestNG-tests-1] DEBUG testCases.TC001_AccountRegistrationTest - Debug logs...
 08:26:18.326 [main] INFO  testCases.TC001_AccountRegistrationTest - *******Starting TC001_AccountRegistrationTest************
 08:26:19.796 [main] INFO  testCases.TC001_AccountRegistrationTest - Clicked on MyAccount Link.....
 08:26:21.202 [main] INFO  testCases.TC001_AccountRegistrationTest - Clicked on Register Link.....
 08:26:21.215 [main] INFO  testCases.TC001_AccountRegistrationTest - Providing Customer Details.....
 08:26:24.838 [main] INFO  testCases.TC001_AccountRegistrationTest - Validating expected message.....
 08:26:24.993 [main] INFO  testCases.TC001_AccountRegistrationTest - *****Finished TC001_AccountRegistrationTest*******
 08:26:29.523 [main] INFO  testCases.TC002_AccountLoginTest - *****Starting TC_002_AccountLoginTest**********
 08:26:35.502 [main] INFO  testCases.TC002_AccountLoginTest - *********Finished TC_002_LoginTest**********
 13:05:22.962 [main] INFO  testCases.TC001_AccountRegistrationTest - *******Starting TC001_AccountRegistrationTest************
 13:05:23.158 [main] INFO  testCases.TC001_AccountRegistrationTest - Clicked on MyAccount Link.....
 13:05:23.821 [main] INFO  testCases.TC001_AccountRegistrationTest - Clicked on Register Link.....
 13:05:23.828 [main] INFO  testCases.TC001_AccountRegistrationTest - Providing Customer Details.....
 13:05:26.518 [main] INFO  testCases.TC001_AccountRegistrationTest - Validating expected message.....
 13:05:26.570 [main] INFO  testCases.TC001_AccountRegistrationTest - *****Finished TC001_AccountRegistrationTest*******
 13:05:30.151 [main] INFO  testCases.TC002_AccountLoginTest - *****Starting TC_002_AccountLoginTest**********
 13:05:36.144 [main] INFO  testCases.TC002_AccountLoginTest - *********Finished TC_002_LoginTest**********
 13:05:42.338 [main] INFO  testCases.TC001_AccountRegistrationTest - *******Starting TC001_AccountRegistrationTest************
 13:05:42.479 [main] INFO  testCases.TC001_AccountRegistrationTest - Clicked on MyAccount Link.....
 13:05:43.164 [main] INFO  testCases.TC001_AccountRegistrationTest - Clicked on Register Link.....
 13:05:43.165 [main] INFO  testCases.TC001_AccountRegistrationTest - Providing Customer Details.....
 13:05:44.809 [main] INFO  testCases.TC001_AccountRegistrationTest - Validating expected message.....
 13:05:44.857 [main] INFO  testCases.TC001_AccountRegistrationTest - *****Finished TC001_AccountRegistrationTest*******
 13:05:49.481 [main] INFO  testCases.TC002_AccountLoginTest - *****Starting TC_002_AccountLoginTest**********
 13:05:56.007 [main] INFO  testCases.TC002_AccountLoginTest - *********Finished TC_002_LoginTest**********
