 07:14:52.845 [TestNG-tests-2] ERROR testCases.TC001_AccountRegistrationTest - Test Failed...
 07:14:52.877 [TestNG-tests-2] DEBUG testCases.TC001_AccountRegistrationTest - Debug logs...
 07:14:52.880 [TestNG-tests-1] ERROR testCases.TC001_AccountRegistrationTest - Test Failed...
 07:14:52.880 [TestNG-tests-1] DEBUG testCases.TC001_AccountRegistrationTest - Debug logs...
 07:15:42.431 [TestNG-tests-1] INFO  testCases.TC001_AccountRegistrationTest - *******Starting TC001_AccountRegistrationTest************
 07:15:42.649 [TestNG-tests-1] INFO  testCases.TC001_AccountRegistrationTest - Clicked on MyAccount Link.....
 07:15:43.160 [TestNG-tests-1] INFO  testCases.TC001_AccountRegistrationTest - Clicked on Register Link.....
 07:15:43.168 [TestNG-tests-1] INFO  testCases.TC001_AccountRegistrationTest - Providing Customer Details.....
 07:15:45.150 [TestNG-tests-1] INFO  testCases.TC001_AccountRegistrationTest - Validating expected message.....
 07:15:45.222 [TestNG-tests-1] INFO  testCases.TC001_AccountRegistrationTest - *****Finished TC001_AccountRegistrationTest*******
 07:16:40.419 [TestNG-tests-1] INFO  testCases.TC001_AccountRegistrationTest - *******Starting TC001_AccountRegistrationTest************
 07:16:41.418 [TestNG-tests-1] INFO  testCases.TC001_AccountRegistrationTest - Clicked on MyAccount Link.....
 07:16:42.107 [TestNG-tests-1] INFO  testCases.TC001_AccountRegistrationTest - Clicked on Register Link.....
 07:16:42.114 [TestNG-tests-1] INFO  testCases.TC001_AccountRegistrationTest - Providing Customer Details.....
 07:16:44.029 [TestNG-tests-1] INFO  testCases.TC001_AccountRegistrationTest - Validating expected message.....
 07:16:44.122 [TestNG-tests-1] INFO  testCases.TC001_AccountRegistrationTest - *****Finished TC001_AccountRegistrationTest*******
 07:17:19.127 [TestNG-tests-2] INFO  testCases.TC001_AccountRegistrationTest - *******Starting TC001_AccountRegistrationTest************
 07:17:19.127 [TestNG-tests-1] INFO  testCases.TC001_AccountRegistrationTest - *******Starting TC001_AccountRegistrationTest************
 07:17:19.551 [TestNG-tests-2] INFO  testCases.TC001_AccountRegistrationTest - Clicked on MyAccount Link.....
 07:17:19.748 [TestNG-tests-1] INFO  testCases.TC001_AccountRegistrationTest - Clicked on MyAccount Link.....
 07:17:26.627 [TestNG-tests-2] INFO  testCases.TC001_AccountRegistrationTest - Clicked on Register Link.....
 07:17:26.637 [TestNG-tests-2] INFO  testCases.TC001_AccountRegistrationTest - Providing Customer Details.....
 07:17:26.654 [TestNG-tests-1] ERROR testCases.TC001_AccountRegistrationTest - Test Failed...
 07:17:26.654 [TestNG-tests-1] DEBUG testCases.TC001_AccountRegistrationTest - Debug logs...
 07:17:26.669 [TestNG-tests-2] ERROR testCases.TC001_AccountRegistrationTest - Test Failed...
 07:17:26.669 [TestNG-tests-2] DEBUG testCases.TC001_AccountRegistrationTest - Debug logs...
 07:36:54.571 [main] INFO  testCases.TC001_AccountRegistrationTest - *******Starting TC001_AccountRegistrationTest************
 07:36:55.011 [main] INFO  testCases.TC001_AccountRegistrationTest - Clicked on MyAccount Link.....
 07:36:56.046 [main] INFO  testCases.TC001_AccountRegistrationTest - Clicked on Register Link.....
 07:36:56.059 [main] INFO  testCases.TC001_AccountRegistrationTest - Providing Customer Details.....
 07:36:58.985 [main] INFO  testCases.TC001_AccountRegistrationTest - Validating expected message.....
 07:36:59.117 [main] INFO  testCases.TC001_AccountRegistrationTest - *****Finished TC001_AccountRegistrationTest*******
 07:37:02.985 [main] INFO  testCases.TC002_AccountLoginTest - *****Starting TC_002_AccountLoginTest**********
 07:37:09.131 [main] INFO  testCases.TC002_AccountLoginTest - *********Finished TC_002_LoginTest**********
 07:37:20.428 [main] INFO  testCases.TC001_AccountRegistrationTest - *******Starting TC001_AccountRegistrationTest************
 07:37:20.937 [main] INFO  testCases.TC001_AccountRegistrationTest - Clicked on MyAccount Link.....
 07:37:21.872 [main] INFO  testCases.TC001_AccountRegistrationTest - Clicked on Register Link.....
 07:37:21.874 [main] INFO  testCases.TC001_AccountRegistrationTest - Providing Customer Details.....
 07:37:24.488 [main] INFO  testCases.TC001_AccountRegistrationTest - Validating expected message.....
 07:37:24.563 [main] INFO  testCases.TC001_AccountRegistrationTest - *****Finished TC001_AccountRegistrationTest*******
 07:37:27.562 [main] INFO  testCases.TC002_AccountLoginTest - *****Starting TC_002_AccountLoginTest**********
 07:37:34.183 [main] INFO  testCases.TC002_AccountLoginTest - *********Finished TC_002_LoginTest**********
 08:04:04.321 [main] INFO  testCases.TC001_AccountRegistrationTest - *******Starting TC001_AccountRegistrationTest************
 08:04:04.867 [main] INFO  testCases.TC001_AccountRegistrationTest - Clicked on MyAccount Link.....
 08:04:05.433 [main] INFO  testCases.TC001_AccountRegistrationTest - Clicked on Register Link.....
 08:04:05.436 [main] INFO  testCases.TC001_AccountRegistrationTest - Providing Customer Details.....
