 22:53:29.706 [main] INFO  testCases.TC002_AccountLoginTest - *****Starting TC_002_AccountLoginTest**********
 22:53:35.036 [main] INFO  testCases.TC002_AccountLoginTest - *********Finished TC_002_LoginTest**********
 21:46:48.513 [main] INFO  testCases.TC001_AccountRegistrationTest - *******Starting TC001_AccountRegistrationTest************
 21:46:49.716 [main] INFO  testCases.TC001_AccountRegistrationTest - Clicked on MyAccount Link.....
 21:46:50.432 [main] INFO  testCases.TC001_AccountRegistrationTest - Clicked on Register Link.....
 21:46:50.443 [main] INFO  testCases.TC001_AccountRegistrationTest - Providing Customer Details.....
 21:46:52.290 [main] INFO  testCases.TC001_AccountRegistrationTest - Validating expected message.....
 21:46:55.732 [main] INFO  testCases.TC002_AccountLoginTest - *****Starting TC_002_AccountLoginTest**********
 21:47:01.982 [main] INFO  testCases.TC002_AccountLoginTest - *********Finished TC_002_LoginTest**********
 21:49:01.074 [main] INFO  testCases.TC001_AccountRegistrationTest - *******Starting TC001_AccountRegistrationTest************
 21:49:01.240 [main] ERROR testCases.TC001_AccountRegistrationTest - Test Failed...
 21:49:01.242 [main] DEBUG testCases.TC001_AccountRegistrationTest - Debug logs...
 21:49:03.230 [main] INFO  testCases.TC002_AccountLoginTest - *****Starting TC_002_AccountLoginTest**********
 21:49:44.255 [main] INFO  testCases.TC001_AccountRegistrationTest - *******Starting TC001_AccountRegistrationTest************
 21:49:44.416 [main] ERROR testCases.TC001_AccountRegistrationTest - Test Failed...
 21:49:44.416 [main] DEBUG testCases.TC001_AccountRegistrationTest - Debug logs...
 21:49:46.084 [main] INFO  testCases.TC002_AccountLoginTest - *****Starting TC_002_AccountLoginTest**********
 21:50:07.207 [main] INFO  testCases.TC001_AccountRegistrationTest - *******Starting TC001_AccountRegistrationTest************
 21:50:07.350 [main] ERROR testCases.TC001_AccountRegistrationTest - Test Failed...
 21:50:07.350 [main] DEBUG testCases.TC001_AccountRegistrationTest - Debug logs...
 21:50:09.271 [main] INFO  testCases.TC002_AccountLoginTest - *****Starting TC_002_AccountLoginTest**********
 22:48:23.829 [main] INFO  testCases.TC001_AccountRegistrationTest - *******Starting TC001_AccountRegistrationTest************
 22:48:23.979 [main] ERROR testCases.TC001_AccountRegistrationTest - Test Failed...
 22:48:23.979 [main] DEBUG testCases.TC001_AccountRegistrationTest - Debug logs...
 22:48:25.673 [main] INFO  testCases.TC002_AccountLoginTest - *****Starting TC_002_AccountLoginTest**********
 22:50:41.834 [TestNG-tests-2] INFO  testCases.TC001_AccountRegistrationTest - *******Starting TC001_AccountRegistrationTest************
 22:50:42.036 [TestNG-tests-2] ERROR testCases.TC001_AccountRegistrationTest - Test Failed...
 22:50:42.036 [TestNG-tests-2] DEBUG testCases.TC001_AccountRegistrationTest - Debug logs...
 22:50:45.971 [TestNG-tests-1] INFO  testCases.TC001_AccountRegistrationTest - *******Starting TC001_AccountRegistrationTest************
 22:50:46.063 [TestNG-tests-1] ERROR testCases.TC001_AccountRegistrationTest - Test Failed...
 22:50:46.064 [TestNG-tests-1] DEBUG testCases.TC001_AccountRegistrationTest - Debug logs...
 22:51:17.460 [TestNG-tests-2] INFO  testCases.TC001_AccountRegistrationTest - *******Starting TC001_AccountRegistrationTest************
 22:51:17.460 [TestNG-tests-1] INFO  testCases.TC001_AccountRegistrationTest - *******Starting TC001_AccountRegistrationTest************
 22:51:17.627 [TestNG-tests-1] ERROR testCases.TC001_AccountRegistrationTest - Test Failed...
 22:51:17.628 [TestNG-tests-1] DEBUG testCases.TC001_AccountRegistrationTest - Debug logs...
 22:51:17.638 [TestNG-tests-2] ERROR testCases.TC001_AccountRegistrationTest - Test Failed...
 22:51:17.639 [TestNG-tests-2] DEBUG testCases.TC001_AccountRegistrationTest - Debug logs...
 22:55:48.797 [main] INFO  testCases.TC001_AccountRegistrationTest - *******Starting TC001_AccountRegistrationTest************
 22:55:49.866 [main] INFO  testCases.TC001_AccountRegistrationTest - Clicked on MyAccount Link.....
 22:55:50.562 [main] INFO  testCases.TC001_AccountRegistrationTest - Clicked on Register Link.....
 22:55:50.568 [main] INFO  testCases.TC001_AccountRegistrationTest - Providing Customer Details.....
 22:55:52.528 [main] INFO  testCases.TC001_AccountRegistrationTest - Validating expected message.....
 22:55:52.608 [main] INFO  testCases.TC001_AccountRegistrationTest - *****Finished TC001_AccountRegistrationTest*******
 22:55:55.633 [main] INFO  testCases.TC002_AccountLoginTest - *****Starting TC_002_AccountLoginTest**********
 22:56:01.856 [main] INFO  testCases.TC002_AccountLoginTest - *********Finished TC_002_LoginTest**********
 22:58:18.650 [main] INFO  testCases.TC001_AccountRegistrationTest - *******Starting TC001_AccountRegistrationTest************
 22:58:18.766 [main] ERROR testCases.TC001_AccountRegistrationTest - Test Failed...
 22:58:18.767 [main] DEBUG testCases.TC001_AccountRegistrationTest - Debug logs...
