 22:58:20.567 [main] INFO  testCases.TC002_AccountLoginTest - *****Starting TC_002_AccountLoginTest**********
 23:04:25.984 [main] INFO  testCases.TC001_AccountRegistrationTest - *******Starting TC001_AccountRegistrationTest************
 23:04:26.101 [main] ERROR testCases.TC001_AccountRegistrationTest - Test Failed...
 23:04:26.101 [main] DEBUG testCases.TC001_AccountRegistrationTest - Debug logs...
 23:04:27.741 [main] INFO  testCases.TC002_AccountLoginTest - *****Starting TC_002_AccountLoginTest**********
 23:17:21.562 [main] INFO  testCases.TC001_AccountRegistrationTest - *******Starting TC001_AccountRegistrationTest************
 23:17:21.702 [main] ERROR testCases.TC001_AccountRegistrationTest - Test Failed...
 23:17:21.702 [main] DEBUG testCases.TC001_AccountRegistrationTest - Debug logs...
 23:17:23.384 [main] INFO  testCases.TC002_AccountLoginTest - *****Starting TC_002_AccountLoginTest**********
 23:33:50.015 [main] INFO  testCases.TC001_AccountRegistrationTest - *******Starting TC001_AccountRegistrationTest************
 23:33:50.115 [main] ERROR testCases.TC001_AccountRegistrationTest - Test Failed...
 23:33:50.115 [main] DEBUG testCases.TC001_AccountRegistrationTest - Debug logs...
 23:33:51.819 [main] INFO  testCases.TC002_AccountLoginTest - *****Starting TC_002_AccountLoginTest**********
 07:05:06.121 [main] INFO  testCases.TC001_AccountRegistrationTest - *******Starting TC001_AccountRegistrationTest************
 07:05:06.204 [main] ERROR testCases.TC001_AccountRegistrationTest - Test Failed...
 07:05:06.204 [main] DEBUG testCases.TC001_AccountRegistrationTest - Debug logs...
 07:05:07.411 [main] INFO  testCases.TC002_AccountLoginTest - *****Starting TC_002_AccountLoginTest**********
 07:11:00.253 [main] INFO  testCases.TC001_AccountRegistrationTest - *******Starting TC001_AccountRegistrationTest************
 07:11:00.304 [main] ERROR testCases.TC001_AccountRegistrationTest - Test Failed...
 07:11:00.304 [main] DEBUG testCases.TC001_AccountRegistrationTest - Debug logs...
 07:11:01.482 [main] INFO  testCases.TC002_AccountLoginTest - *****Starting TC_002_AccountLoginTest**********
 07:12:49.427 [main] INFO  testCases.TC001_AccountRegistrationTest - *******Starting TC001_AccountRegistrationTest************
 07:12:49.486 [main] ERROR testCases.TC001_AccountRegistrationTest - Test Failed...
 07:12:49.486 [main] DEBUG testCases.TC001_AccountRegistrationTest - Debug logs...
 07:12:50.593 [main] INFO  testCases.TC002_AccountLoginTest - *****Starting TC_002_AccountLoginTest**********
 07:20:56.883 [main] INFO  testCases.TC001_AccountRegistrationTest - *******Starting TC001_AccountRegistrationTest************
 07:20:57.578 [main] INFO  testCases.TC001_AccountRegistrationTest - Clicked on MyAccount Link.....
 07:20:58.131 [main] INFO  testCases.TC001_AccountRegistrationTest - Clicked on Register Link.....
 07:20:58.133 [main] INFO  testCases.TC001_AccountRegistrationTest - Providing Customer Details.....
 07:20:59.438 [main] INFO  testCases.TC001_AccountRegistrationTest - Validating expected message.....
 07:20:59.490 [main] INFO  testCases.TC001_AccountRegistrationTest - *****Finished TC001_AccountRegistrationTest*******
 07:21:03.393 [main] INFO  testCases.TC002_AccountLoginTest - *****Starting TC_002_AccountLoginTest**********
 07:21:08.724 [main] INFO  testCases.TC002_AccountLoginTest - *********Finished TC_002_LoginTest**********
 07:22:09.715 [main] INFO  testCases.TC001_AccountRegistrationTest - *******Starting TC001_AccountRegistrationTest************
 07:22:10.279 [main] INFO  testCases.TC001_AccountRegistrationTest - Clicked on MyAccount Link.....
 07:22:10.777 [main] INFO  testCases.TC001_AccountRegistrationTest - Clicked on Register Link.....
 07:22:10.779 [main] INFO  testCases.TC001_AccountRegistrationTest - Providing Customer Details.....
 07:22:12.073 [main] INFO  testCases.TC001_AccountRegistrationTest - Validating expected message.....
 07:22:12.130 [main] INFO  testCases.TC001_AccountRegistrationTest - *****Finished TC001_AccountRegistrationTest*******
 07:22:14.293 [main] INFO  testCases.TC002_AccountLoginTest - *****Starting TC_002_AccountLoginTest**********
 07:22:19.644 [main] INFO  testCases.TC002_AccountLoginTest - *********Finished TC_002_LoginTest**********
 07:22:40.580 [main] INFO  testCases.TC001_AccountRegistrationTest - *******Starting TC001_AccountRegistrationTest************
 07:22:41.187 [main] INFO  testCases.TC001_AccountRegistrationTest - Clicked on MyAccount Link.....
 07:22:41.740 [main] INFO  testCases.TC001_AccountRegistrationTest - Clicked on Register Link.....
 07:22:41.743 [main] INFO  testCases.TC001_AccountRegistrationTest - Providing Customer Details.....
 07:22:43.030 [main] INFO  testCases.TC001_AccountRegistrationTest - Validating expected message.....
 07:22:43.075 [main] INFO  testCases.TC001_AccountRegistrationTest - *****Finished TC001_AccountRegistrationTest*******
 07:22:45.086 [main] INFO  testCases.TC002_AccountLoginTest - *****Starting TC_002_AccountLoginTest**********
